<?xml version="1.0" encoding="UTF-8"?>
<!-- Generated by org.testng.reporters.JUnitXMLReporter -->
<testsuite ignored="1" hostname="DESKTOP-34S6GKH" failures="0" tests="1" name="Default test" time="10.374" errors="0" timestamp="2022-06-25T13:28:03 BDT">
  <testcase classname="test_cases.Drop_Down" name="selectingMultipleValueFromDropdown" time="10.357"/>
  <testcase classname="test_cases.Drop_Down" name="selectingValueFromDropdown" time="0.0">
    <ignored/>
  </testcase> <!-- selectingValueFromDropdown -->
</testsuite> <!-- Default test -->
