<?xml version="1.0" encoding="UTF-8"?>
<testng-results ignored="0" total="2" passed="2" failed="0" skipped="0">
  <reporter-output>
  </reporter-output>
  <suite started-at="2022-06-25T12:58:22 BDT" name="Default suite" finished-at="2022-06-25T12:58:31 BDT" duration-ms="8568">
    <groups>
    </groups>
    <test started-at="2022-06-25T12:58:22 BDT" name="Default test" finished-at="2022-06-25T12:58:31 BDT" duration-ms="8568">
      <class name="test_cases.VerifyPage_Title">
        <test-method is-config="true" signature="setDriver()[pri:0, instance:test_cases.VerifyPage_Title@36916eb0]" started-at="2022-06-25T12:58:19 BDT" name="setDriver" finished-at="2022-06-25T12:58:22 BDT" duration-ms="3723" status="PASS">
          <reporter-output>
          </reporter-output>
        </test-method> <!-- setDriver -->
        <test-method signature="VerifyPageTitle_shouldPass()[pri:1, instance:test_cases.VerifyPage_Title@36916eb0]" started-at="2022-06-25T12:58:22 BDT" name="VerifyPageTitle_shouldPass" finished-at="2022-06-25T12:58:31 BDT" duration-ms="8541" status="PASS">
          <reporter-output>
          </reporter-output>
        </test-method> <!-- VerifyPageTitle_shouldPass -->
        <test-method signature="isWebSiteSecured()[pri:2, instance:test_cases.VerifyPage_Title@36916eb0]" started-at="2022-06-25T12:58:31 BDT" name="isWebSiteSecured" finished-at="2022-06-25T12:58:31 BDT" duration-ms="9" status="PASS">
          <reporter-output>
          </reporter-output>
        </test-method> <!-- isWebSiteSecured -->
        <test-method is-config="true" signature="closeWindows()[pri:0, instance:test_cases.VerifyPage_Title@36916eb0]" started-at="2022-06-25T12:58:31 BDT" name="closeWindows" finished-at="2022-06-25T12:58:31 BDT" duration-ms="53" status="PASS">
          <reporter-output>
          </reporter-output>
        </test-method> <!-- closeWindows -->
      </class> <!-- test_cases.VerifyPage_Title -->
    </test> <!-- Default test -->
  </suite> <!-- Default suite -->
</testng-results>
